<?xml version="1.0" encoding="UTF-8"?>
<!-- Generated by org.testng.reporters.JUnitReportReporter -->
<testsuite hostname="DESKTOP-I0P8L0L" failures="0" tests="2" name="RestTesting.TestNG" time="0.011" errors="0" timestamp="14 Mar 2022 13:08:24 GMT">
  <testcase classname="RestTesting.TestNG" name="TestCase1" time="0.007"/>
  <testcase classname="RestTesting.TestNG" name="TestCase2" time="0.004"/>
</testsuite> <!-- RestTesting.TestNG -->
