<?xml version="1.0" encoding="UTF-8"?>
<!-- Generated by org.testng.reporters.JUnitReportReporter -->
<testsuite hostname="DESKTOP-I0P8L0L" failures="0" tests="3" name="RestTesting.Trello" time="4.746" errors="0" timestamp="15 Mar 2022 07:39:03 GMT">
  <testcase classname="RestTesting.Trello" name="DeleteBoard" time="0.784"/>
  <testcase classname="RestTesting.Trello" name="createboards" time="2.996"/>
  <testcase classname="RestTesting.Trello" name="getBoard" time="0.966"/>
</testsuite> <!-- RestTesting.Trello -->
