<?xml version="1.0" encoding="UTF-8"?>
<!-- Generated by org.testng.reporters.JUnitReportReporter -->
<testsuite hostname="DESKTOP-I0P8L0L" failures="0" tests="4" name="RestTesting.Ecommerce" time="17.745" errors="0" timestamp="16 Mar 2022 09:25:11 GMT">
  <testcase classname="RestTesting.Ecommerce" name="getallusers" time="2.782"/>
  <testcase classname="RestTesting.Ecommerce" name="delete" time="1.785"/>
  <testcase classname="RestTesting.Ecommerce" name="signup" time="9.095"/>
  <testcase classname="RestTesting.Ecommerce" name="Login" time="4.083"/>
</testsuite> <!-- RestTesting.Ecommerce -->
