<?xml version="1.0" encoding="UTF-8"?>
<!-- Generated by org.testng.reporters.JUnitReportReporter -->
<testsuite hostname="DESKTOP-I0P8L0L" failures="0" tests="3" name="RestTesting.Ecommerce" time="11.051" errors="0" timestamp="16 Mar 2022 10:37:37 GMT">
  <testcase classname="RestTesting.Ecommerce" name="delete" time="1.769"/>
  <testcase classname="RestTesting.Ecommerce" name="Login" time="6.439"/>
  <testcase classname="RestTesting.Ecommerce" name="getallusers" time="2.843"/>
</testsuite> <!-- RestTesting.Ecommerce -->
