<?xml version="1.0" encoding="UTF-8"?>
<!-- Generated by org.testng.reporters.JUnitReportReporter -->
<testsuite hostname="DESKTOP-I0P8L0L" failures="0" tests="3" name="RestTesting.Trello" time="3.958" errors="0" timestamp="16 Mar 2022 10:37:37 GMT">
  <testcase classname="RestTesting.Trello" name="createboards" time="1.227"/>
  <testcase classname="RestTesting.Trello" name="DeleteBoard" time="2.066"/>
  <testcase classname="RestTesting.Trello" name="getBoard" time="0.665"/>
</testsuite> <!-- RestTesting.Trello -->
